<?xml version="1.0" encoding="UTF-8"?>
<testsuite xmlns:xsi="http://www.w3.org/2001/XMLSchema-instance" xsi:noNamespaceSchemaLocation="https://maven.apache.org/surefire/maven-surefire-plugin/xsd/surefire-test-report-3.0.xsd" version="3.0" name="fm.dao.FmProductDaoImplTest" time="0.934" tests="2" errors="0" skipped="0" failures="0">
  <properties>
[...]
</properties>
  <testcase name="testAddGetProduct" classname="fm.dao.FmProductDaoImplTest" time="0.714"/>
  <testcase name="testAddGeAllProducts" classname="fm.dao.FmProductDaoImplTest" time="0.146"/>
</testsuite>