<?xml version="1.0" encoding="UTF-8"?>
<testsuite xmlns:xsi="http://www.w3.org/2001/XMLSchema-instance" xsi:noNamespaceSchemaLocation="https://maven.apache.org/surefire/maven-surefire-plugin/xsd/surefire-test-report-3.0.xsd" version="3.0" name="fm.service.FmServiceImplTest" time="1.612" tests="15" errors="0" skipped="0" failures="0">
  <properties>
[...]
</properties>
  <testcase name="testValidateOrderAddOrderOrderNumber" classname="fm.service.FmServiceImplTest" time="0.052"/>
  <testcase name="testValidateOrderInvalidProduct" classname="fm.service.FmServiceImplTest" time="0.006"/>
  <testcase name="testValidateOrderEditOrderNumber" classname="fm.service.FmServiceImplTest" time="0.004"/>
  <testcase name="testGetAllTaxes" classname="fm.service.FmServiceImplTest" time="0.001"/>
  <testcase name="testRemoveOrder" classname="fm.service.FmServiceImplTest" time="0.006"/>
  <testcase name="testGetOrderInvalidOrderNumber" classname="fm.service.FmServiceImplTest" time="0.002"/>
  <testcase name="testGetOrderInvalidOrderDate" classname="fm.service.FmServiceImplTest" time="0.001"/>
  <testcase name="testValidateOrderNullArea" classname="fm.service.FmServiceImplTest" time="0.002"/>
  <testcase name="testValidateOrderInvalidName" classname="fm.service.FmServiceImplTest" time="0.002"/>
  <testcase name="testValidateOrderInvalidState" classname="fm.service.FmServiceImplTest" time="0.001"/>
  <testcase name="testAddAnOrder" classname="fm.service.FmServiceImplTest" time="0.011"/>
  <testcase name="testEditAnOrder" classname="fm.service.FmServiceImplTest" time="0.004"/>
  <testcase name="testGetAllProducts" classname="fm.service.FmServiceImplTest" time="0.001"/>
  <testcase name="testGetOrdersByDate" classname="fm.service.FmServiceImplTest" time="0.001"/>
  <testcase name="testCalculateOrder" classname="fm.service.FmServiceImplTest" time="0.002"/>
</testsuite>